
<dict>
	cocos2d.x.version: quick-cocos2d-x 2.2.5
	cocos2d.x.compiled_with_profiler: false
	cocos2d.x.compiled_with_gl_state_cache: true
	gl.vendor: Intel
	gl.renderer: Intel(R) HD Graphics 4400
	gl.version: 4.3.0 - Build 20.19.15.4568
	gl.max_texture_size: 16384
	gl.max_texture_units: 192
	gl.supports_PVRTC: false
	gl.supports_NPOT: true
	gl.supports_BGRA8888: false
	gl.supports_discard_framebuffer: false
	gl.supports_vertex_array_object: true
</dict>
lua_loadChunksFromZIP() - load zip file: D:\cocos2d-x\quick-cocos2d-x-2.2.5-release\lib\framework_precompiled\framework_precompiled.zip
lua_loadChunksFromZIP() - loaded chunks count: 108
------------------------------------------------
LOAD LUA FILE: D:/cocos2d-x/LearnLuaGame/scripts/main.lua
------------------------------------------------
[0.3271] [INFO] 
[0.3274] [INFO] # DEBUG                        = 1
[0.3278] [INFO] #
[0.3282] [INFO] # device.platform              = windows
[0.3286] [INFO] # device.model                 = unknown
[0.3297] [INFO] # device.language              = cn
[0.3306] [INFO] # device.writablePath          = D:\cocos2d-x\LearnLuaGame\
[0.3317] [INFO] # device.cachePath             = D:\cocos2d-x\LearnLuaGame\
[0.3329] [INFO] # device.directorySeparator    = \
[0.3338] [INFO] # device.pathSeparator         = ;
[0.3346] [INFO] #
[0.3387] [INFO] # CONFIG_SCREEN_AUTOSCALE      = FIXED_HEIGHT
[0.3453] [INFO] # CONFIG_SCREEN_WIDTH          = 1136.00
[0.3464] [INFO] # CONFIG_SCREEN_HEIGHT         = 640.00
[0.3490] [INFO] # display.widthInPixels        = 1136.00
[0.3502] [INFO] # display.heightInPixels       = 640.00
[0.3514] [INFO] # display.contentScaleFactor   = 1.00
[0.3525] [INFO] # display.width                = 1136.00
[0.3534] [INFO] # display.height               = 640.00
[0.3544] [INFO] # display.cx                   = 568.00
[0.3553] [INFO] # display.cy                   = 320.00
[0.3567] [INFO] # display.left                 = 0.00
[0.3578] [INFO] # display.right                = 1136.00
[0.3589] [INFO] # display.top                  = 640.00
[0.3599] [INFO] # display.bottom               = 0.00
[0.3608] [INFO] # display.c_left               = -568.00
[0.3617] [INFO] # display.c_right              = 568.00
[0.3627] [INFO] # display.c_top                = 320.00
[0.3637] [INFO] # display.c_bottom             = -320.00
[0.3646] [INFO] #
[2.2240] table: 0x0b23cbc0 [StateMachine] ERROR: error INVALID_TRANSITION_ERROR, event clickScreen, from walk to walk
[2.2276] [ERR] event clickScreen inappropriate in current state walk
[2.2304] 
stack traceback:
	[string "framework.cc.components.behavior.StateMachine"]: in function 'onError_'
	[string "framework.cc.components.behavior.StateMachine"]: in function 'doEvent'
	[string "D:/cocos2d-x/LearnLuaGame/scripts/app/roles/Player.lua"]:120: in function 'doEvent'
	[string "D:/cocos2d-x/LearnLuaGame/scripts/app/scenes/MainScene.lua"]:41: in function <[string "D:/cocos2d-x/LearnLuaGame/scripts/app/scenes/MainScene.lua"]:35>
[4.0182] self.canAttack = nil
[4.0233] table: 0x0b23cbc0 [StateMachine] ERROR: error INVALID_TRANSITION_ERROR, event clickScreen, from walk to walk
[4.0251] [ERR] event clickScreen inappropriate in current state walk
[4.0280] 
stack traceback:
	[string "framework.cc.components.behavior.StateMachine"]: in function 'onError_'
	[string "framework.cc.components.behavior.StateMachine"]: in function 'doEvent'
	[string "D:/cocos2d-x/LearnLuaGame/scripts/app/roles/Player.lua"]:120: in function 'doEvent'
	[string "D:/cocos2d-x/LearnLuaGame/scripts/app/scenes/MainScene.lua"]:41: in function <[string "D:/cocos2d-x/LearnLuaGame/scripts/app/scenes/MainScene.lua"]:35>
[4.0499] self.canAttack = nil
[4.0788] self.canAttack = nil
[4.0817] self.canAttack = nil
[4.1726] begin
[4.6742] self.canAttack = true
[4.6762] table: 0x0b23cbc0 [StateMachine] ERROR: error INVALID_TRANSITION_ERROR, event stop, from idle to idle
[4.6789] [ERR] event stop inappropriate in current state idle
[4.6821] 
stack traceback:
	[string "framework.cc.components.behavior.StateMachine"]: in function 'onError_'
	[string "framework.cc.components.behavior.StateMachine"]: in function 'doEvent'
	[string "D:/cocos2d-x/LearnLuaGame/scripts/app/roles/Player.lua"]:120: in function 'doEvent'
	[string "D:/cocos2d-x/LearnLuaGame/scripts/app/scenes/MainScene.lua"]:153: in function 'clickEnemy'
	[string "D:/cocos2d-x/LearnLuaGame/scripts/app/scenes/MainScene.lua"]:29: in function <[string "D:/cocos2d-x/LearnLuaGame/scripts/app/scenes/MainScene.lua"]:29>
	[C]: in function 'postNotification'
	[string "D:/cocos2d-x/LearnLuaGame/scripts/app/roles/Enemy2.lua"]:28: in function <[string "D:/cocos2d-x/LearnLuaGame/scripts/app/roles/Enemy2.lua"]:27>
[4.7107] Enemy2:getCanAttack = true
[4.7138] enemy:canAttack true
[4.7170] Enemy2:getCanAttack = true
[4.7821] self.canAttack = true
[5.6592] self.canAttack = true
[5.6618] Enemy2:getCanAttack = true
[5.6644] enemy:canAttack true
[5.6675] Enemy2:getCanAttack = true
[5.6740] self.canAttack = true
[5.7040] self.canAttack = true
[5.7352] self.canAttack = true
[6.7037] separate
[6.8947] table: 0x0b23cbc0 [StateMachine] ERROR: error INVALID_TRANSITION_ERROR, event clickScreen, from walk to walk
[6.8983] [ERR] event clickScreen inappropriate in current state walk
[6.9012] 
stack traceback:
	[string "framework.cc.components.behavior.StateMachine"]: in function 'onError_'
	[string "framework.cc.components.behavior.StateMachine"]: in function 'doEvent'
	[string "D:/cocos2d-x/LearnLuaGame/scripts/app/roles/Player.lua"]:120: in function 'doEvent'
	[string "D:/cocos2d-x/LearnLuaGame/scripts/app/scenes/MainScene.lua"]:41: in function <[string "D:/cocos2d-x/LearnLuaGame/scripts/app/scenes/MainScene.lua"]:35>
[7.1572] begin
[7.8151] self.canAttack = true
[7.8171] table: 0x0b23cbc0 [StateMachine] ERROR: error INVALID_TRANSITION_ERROR, event stop, from idle to idle
[7.8199] [ERR] event stop inappropriate in current state idle
[7.8236] 
stack traceback:
	[string "framework.cc.components.behavior.StateMachine"]: in function 'onError_'
	[string "framework.cc.components.behavior.StateMachine"]: in function 'doEvent'
	[string "D:/cocos2d-x/LearnLuaGame/scripts/app/roles/Player.lua"]:120: in function 'doEvent'
	[string "D:/cocos2d-x/LearnLuaGame/scripts/app/scenes/MainScene.lua"]:153: in function 'clickEnemy'
	[string "D:/cocos2d-x/LearnLuaGame/scripts/app/scenes/MainScene.lua"]:29: in function <[string "D:/cocos2d-x/LearnLuaGame/scripts/app/scenes/MainScene.lua"]:29>
	[C]: in function 'postNotification'
	[string "D:/cocos2d-x/LearnLuaGame/scripts/app/roles/Enemy2.lua"]:28: in function <[string "D:/cocos2d-x/LearnLuaGame/scripts/app/roles/Enemy2.lua"]:27>
[7.8360] Enemy2:getCanAttack = true
[7.8372] enemy:canAttack true
[7.8399] Enemy2:getCanAttack = true
[7.9068] self.canAttack = true
[7.9090] self.canAttack = true
[8.2519] separate
NOT FOUND BODY 0808F3A0
[8.8760] EnemyDead
[8.9421] table: 0x0b23cbc0 [StateMachine] ERROR: error INVALID_TRANSITION_ERROR, event clickScreen, from walk to walk
[8.9460] [ERR] event clickScreen inappropriate in current state walk
[8.9492] 
stack traceback:
	[string "framework.cc.components.behavior.StateMachine"]: in function 'onError_'
	[string "framework.cc.components.behavior.StateMachine"]: in function 'doEvent'
	[string "D:/cocos2d-x/LearnLuaGame/scripts/app/roles/Player.lua"]:120: in function 'doEvent'
	[string "D:/cocos2d-x/LearnLuaGame/scripts/app/scenes/MainScene.lua"]:41: in function <[string "D:/cocos2d-x/LearnLuaGame/scripts/app/scenes/MainScene.lua"]:35>
[10.1099] begin
[10.2051] self.canAttack = true
[10.2091] Enemy1:getCanAttack = true
[10.2109] enemy:canAttack true
[10.2137] Enemy1:getCanAttack = true
[10.2204] self.canAttack = true
[10.2659] self.canAttack = true
[10.3297] self.canAttack = true
[11.2987] self.canAttack = true
[11.3020] Enemy1:getCanAttack = true
[11.3037] enemy:canAttack true
[11.3064] Enemy1:getCanAttack = true
[11.4069] self.canAttack = true
[12.2508] self.canAttack = true
[12.2519] Enemy1:getCanAttack = true
[12.2528] enemy:canAttack true
[12.2538] Enemy1:getCanAttack = true
[12.2564] self.canAttack = true
[12.3752] self.canAttack = true
[12.3773] self.canAttack = true
[12.6889] separate
NOT FOUND BODY 081A3C40
[13.3137] EnemyDead
[13.5319] table: 0x0b23cbc0 [StateMachine] ERROR: error INVALID_TRANSITION_ERROR, event clickScreen, from walk to walk
[13.5330] [ERR] event clickScreen inappropriate in current state walk
[13.5340] 
stack traceback:
	[string "framework.cc.components.behavior.StateMachine"]: in function 'onError_'
	[string "framework.cc.components.behavior.StateMachine"]: in function 'doEvent'
	[string "D:/cocos2d-x/LearnLuaGame/scripts/app/roles/Player.lua"]:120: in function 'doEvent'
	[string "D:/cocos2d-x/LearnLuaGame/scripts/app/scenes/MainScene.lua"]:41: in function <[string "D:/cocos2d-x/LearnLuaGame/scripts/app/scenes/MainScene.lua"]:35>
[14.2528] table: 0x0b23cbc0 [StateMachine] ERROR: error INVALID_TRANSITION_ERROR, event clickScreen, from walk to walk
[14.2561] [ERR] event clickScreen inappropriate in current state walk
[14.2592] 
stack traceback:
	[string "framework.cc.components.behavior.StateMachine"]: in function 'onError_'
	[string "framework.cc.components.behavior.StateMachine"]: in function 'doEvent'
	[string "D:/cocos2d-x/LearnLuaGame/scripts/app/roles/Player.lua"]:120: in function 'doEvent'
	[string "D:/cocos2d-x/LearnLuaGame/scripts/app/scenes/MainScene.lua"]:41: in function <[string "D:/cocos2d-x/LearnLuaGame/scripts/app/scenes/MainScene.lua"]:35>
[18.0823] table: 0x0b23cbc0 [StateMachine] ERROR: error INVALID_TRANSITION_ERROR, event clickScreen, from walk to walk
[18.0855] [ERR] event clickScreen inappropriate in current state walk
[18.0885] 
stack traceback:
	[string "framework.cc.components.behavior.StateMachine"]: in function 'onError_'
	[string "framework.cc.components.behavior.StateMachine"]: in function 'doEvent'
	[string "D:/cocos2d-x/LearnLuaGame/scripts/app/roles/Player.lua"]:120: in function 'doEvent'
	[string "D:/cocos2d-x/LearnLuaGame/scripts/app/scenes/MainScene.lua"]:41: in function <[string "D:/cocos2d-x/LearnLuaGame/scripts/app/scenes/MainScene.lua"]:35>
[18.9709] self.canAttack = false
[18.9758] table: 0x0b23cbc0 [StateMachine] ERROR: error INVALID_TRANSITION_ERROR, event clickScreen, from walk to walk
[18.9773] [ERR] event clickScreen inappropriate in current state walk
[18.9805] 
stack traceback:
	[string "framework.cc.components.behavior.StateMachine"]: in function 'onError_'
	[string "framework.cc.components.behavior.StateMachine"]: in function 'doEvent'
	[string "D:/cocos2d-x/LearnLuaGame/scripts/app/roles/Player.lua"]:120: in function 'doEvent'
	[string "D:/cocos2d-x/LearnLuaGame/scripts/app/scenes/MainScene.lua"]:41: in function <[string "D:/cocos2d-x/LearnLuaGame/scripts/app/scenes/MainScene.lua"]:35>
[19.0015] self.canAttack = false
[19.0640] self.canAttack = false
[19.0935] self.canAttack = false
[19.0965] self.canAttack = false
[19.1553] begin
[19.5331] self.canAttack = true
[19.5359] Enemy2:getCanAttack = true
[19.5384] enemy:canAttack true
[19.5410] Enemy2:getCanAttack = true
[19.5477] self.canAttack = true
[19.6248] self.canAttack = true
[19.6273] self.canAttack = true
[20.3770] self.canAttack = true
[20.3798] Enemy2:getCanAttack = true
[20.3825] enemy:canAttack true
[20.3851] Enemy2:getCanAttack = true
[20.3943] self.canAttack = true
[20.4056] self.canAttack = true
[20.4372] self.canAttack = true
[20.4997] self.canAttack = true
[20.5020] self.canAttack = true
[21.3796] table: 0x0b23cbc0 [StateMachine] ERROR: error INVALID_TRANSITION_ERROR, event clickScreen, from walk to walk
[21.3824] [ERR] event clickScreen inappropriate in current state walk
[21.3866] 
stack traceback:
	[string "framework.cc.components.behavior.StateMachine"]: in function 'onError_'
	[string "framework.cc.components.behavior.StateMachine"]: in function 'doEvent'
	[string "D:/cocos2d-x/LearnLuaGame/scripts/app/roles/Player.lua"]:120: in function 'doEvent'
	[string "D:/cocos2d-x/LearnLuaGame/scripts/app/scenes/MainScene.lua"]:41: in function <[string "D:/cocos2d-x/LearnLuaGame/scripts/app/scenes/MainScene.lua"]:35>
[21.6730] self.canAttack = true
[21.6761] Enemy2:getCanAttack = true
[21.6781] enemy:canAttack true
[21.6810] Enemy2:getCanAttack = true
[21.6883] self.canAttack = true
[21.7184] self.canAttack = true
[21.7812] self.canAttack = true
[22.0947] separate
NOT FOUND BODY 0AD28B38
[22.5644] self.canAttack = false
[22.5693] table: 0x0b23cbc0 [StateMachine] ERROR: error INVALID_TRANSITION_ERROR, event clickScreen, from walk to walk
[22.5709] [ERR] event clickScreen inappropriate in current state walk
[22.5740] 
stack traceback:
	[string "framework.cc.components.behavior.StateMachine"]: in function 'onError_'
	[string "framework.cc.components.behavior.StateMachine"]: in function 'doEvent'
	[string "D:/cocos2d-x/LearnLuaGame/scripts/app/roles/Player.lua"]:120: in function 'doEvent'
	[string "D:/cocos2d-x/LearnLuaGame/scripts/app/scenes/MainScene.lua"]:41: in function <[string "D:/cocos2d-x/LearnLuaGame/scripts/app/scenes/MainScene.lua"]:35>
[22.5952] self.canAttack = false
[22.6246] self.canAttack = false
[22.6558] self.canAttack = false
[22.6580] self.canAttack = false
[22.7203] self.canAttack = false
[22.7250] table: 0x0b23cbc0 [StateMachine] ERROR: error INVALID_TRANSITION_ERROR, event clickScreen, from walk to walk
[22.7264] [ERR] event clickScreen inappropriate in current state walk
[22.7295] 
stack traceback:
	[string "framework.cc.components.behavior.StateMachine"]: in function 'onError_'
	[string "framework.cc.components.behavior.StateMachine"]: in function 'doEvent'
	[string "D:/cocos2d-x/LearnLuaGame/scripts/app/roles/Player.lua"]:120: in function 'doEvent'
	[string "D:/cocos2d-x/LearnLuaGame/scripts/app/scenes/MainScene.lua"]:41: in function <[string "D:/cocos2d-x/LearnLuaGame/scripts/app/scenes/MainScene.lua"]:35>
[22.7362] EnemyDead
[22.8121] self.canAttack = false
[23.0955] self.canAttack = false
[23.1008] table: 0x0b23cbc0 [StateMachine] ERROR: error INVALID_TRANSITION_ERROR, event clickScreen, from walk to walk
[23.1023] [ERR] event clickScreen inappropriate in current state walk
[23.1056] 
stack traceback:
	[string "framework.cc.components.behavior.StateMachine"]: in function 'onError_'
	[string "framework.cc.components.behavior.StateMachine"]: in function 'doEvent'
	[string "D:/cocos2d-x/LearnLuaGame/scripts/app/roles/Player.lua"]:120: in function 'doEvent'
	[string "D:/cocos2d-x/LearnLuaGame/scripts/app/scenes/MainScene.lua"]:41: in function <[string "D:/cocos2d-x/LearnLuaGame/scripts/app/scenes/MainScene.lua"]:35>
[23.1723] self.canAttack = false
[23.2029] self.canAttack = false
[23.2645] begin
[23.8919] self.canAttack = true
[23.8942] table: 0x0b23cbc0 [StateMachine] ERROR: error INVALID_TRANSITION_ERROR, event stop, from idle to idle
[23.8974] [ERR] event stop inappropriate in current state idle
[23.9009] 
stack traceback:
	[string "framework.cc.components.behavior.StateMachine"]: in function 'onError_'
	[string "framework.cc.components.behavior.StateMachine"]: in function 'doEvent'
	[string "D:/cocos2d-x/LearnLuaGame/scripts/app/roles/Player.lua"]:120: in function 'doEvent'
	[string "D:/cocos2d-x/LearnLuaGame/scripts/app/scenes/MainScene.lua"]:153: in function 'clickEnemy'
	[string "D:/cocos2d-x/LearnLuaGame/scripts/app/scenes/MainScene.lua"]:29: in function <[string "D:/cocos2d-x/LearnLuaGame/scripts/app/scenes/MainScene.lua"]:29>
	[C]: in function 'postNotification'
	[string "D:/cocos2d-x/LearnLuaGame/scripts/app/roles/Enemy1.lua"]:28: in function <[string "D:/cocos2d-x/LearnLuaGame/scripts/app/roles/Enemy1.lua"]:27>
[23.9058] Enemy1:getCanAttack = true
[23.9147] enemy:canAttack true
[23.9166] Enemy1:getCanAttack = true
[23.9193] self.canAttack = true
[24.0149] self.canAttack = true
[24.0177] self.canAttack = true
[24.9532] separate
[25.2666] self.canAttack = false
[25.2720] table: 0x0b23cbc0 [StateMachine] ERROR: error INVALID_TRANSITION_ERROR, event clickScreen, from walk to walk
[25.2734] [ERR] event clickScreen inappropriate in current state walk
[25.2765] 
stack traceback:
	[string "framework.cc.components.behavior.StateMachine"]: in function 'onError_'
	[string "framework.cc.components.behavior.StateMachine"]: in function 'doEvent'
	[string "D:/cocos2d-x/LearnLuaGame/scripts/app/roles/Player.lua"]:120: in function 'doEvent'
	[string "D:/cocos2d-x/LearnLuaGame/scripts/app/scenes/MainScene.lua"]:41: in function <[string "D:/cocos2d-x/LearnLuaGame/scripts/app/scenes/MainScene.lua"]:35>
[25.3744] self.canAttack = false
[25.3775] self.canAttack = false
[25.6863] begin
[25.7189] self.canAttack = true
[25.7211] Enemy1:getCanAttack = true
[25.7218] enemy:canAttack true
[25.7228] Enemy1:getCanAttack = true
[25.8119] self.canAttack = true
[26.4387] self.canAttack = true
[26.4412] table: 0x0b23cbc0 [StateMachine] ERROR: error INVALID_TRANSITION_ERROR, event stop, from idle to idle
[26.4442] [ERR] event stop inappropriate in current state idle
[26.4472] 
stack traceback:
	[string "framework.cc.components.behavior.StateMachine"]: in function 'onError_'
	[string "framework.cc.components.behavior.StateMachine"]: in function 'doEvent'
	[string "D:/cocos2d-x/LearnLuaGame/scripts/app/roles/Player.lua"]:120: in function 'doEvent'
	[string "D:/cocos2d-x/LearnLuaGame/scripts/app/scenes/MainScene.lua"]:153: in function 'clickEnemy'
	[string "D:/cocos2d-x/LearnLuaGame/scripts/app/scenes/MainScene.lua"]:29: in function <[string "D:/cocos2d-x/LearnLuaGame/scripts/app/scenes/MainScene.lua"]:29>
	[C]: in function 'postNotification'
	[string "D:/cocos2d-x/LearnLuaGame/scripts/app/roles/Enemy1.lua"]:28: in function <[string "D:/cocos2d-x/LearnLuaGame/scripts/app/roles/Enemy1.lua"]:27>
[26.4530] Enemy1:getCanAttack = true
[26.4726] enemy:canAttack true
[26.4737] Enemy1:getCanAttack = true
[26.5305] self.canAttack = true
[26.5327] self.canAttack = true
[26.9075] separate
NOT FOUND BODY 08167A28
[27.5326] EnemyDead
CCPhysicsWorld::~CCPhysicsWorld(void)
